2024-03-07 04:02:52 | Conf | use logdir run/2024-03-07-04-02-irseg-LASNet-
2024-03-07 04:09:34 | Iter | [  1/500] loss=1.597/0.522, mPA=0.782, miou=0.354, avg=0.568
2024-03-07 04:09:38 | Save Iter = [  1],  mPA=0.782, miou=0.354, avg=0.568
2024-03-07 04:15:56 | Iter | [  2/500] loss=1.052/0.440, mPA=0.801, miou=0.405, avg=0.603
2024-03-07 04:15:59 | Save Iter = [  2],  mPA=0.801, miou=0.405, avg=0.603
2024-03-07 04:22:25 | Iter | [  3/500] loss=0.972/0.448, mPA=0.828, miou=0.404, avg=0.616
2024-03-07 04:22:29 | Save Iter = [  3],  mPA=0.828, miou=0.404, avg=0.616
2024-03-07 04:28:55 | Iter | [  4/500] loss=0.925/0.416, mPA=0.728, miou=0.386, avg=0.557
2024-03-07 04:35:24 | Iter | [  5/500] loss=0.871/0.429, mPA=0.806, miou=0.370, avg=0.588
2024-03-07 04:41:54 | Iter | [  6/500] loss=0.858/0.502, mPA=0.776, miou=0.396, avg=0.586
2024-03-07 04:48:29 | Iter | [  7/500] loss=0.848/0.371, mPA=0.823, miou=0.401, avg=0.612
2024-03-07 04:54:57 | Iter | [  8/500] loss=0.783/0.359, mPA=0.791, miou=0.423, avg=0.607
2024-03-07 05:01:24 | Iter | [  9/500] loss=0.755/0.334, mPA=0.807, miou=0.426, avg=0.617
2024-03-07 05:01:28 | Save Iter = [  9],  mPA=0.807, miou=0.426, avg=0.617
2024-03-07 05:07:59 | Iter | [ 10/500] loss=0.763/0.308, mPA=0.738, miou=0.432, avg=0.585
2024-03-07 05:14:32 | Iter | [ 11/500] loss=0.693/0.311, mPA=0.802, miou=0.435, avg=0.618
2024-03-07 05:14:35 | Save Iter = [ 11],  mPA=0.802, miou=0.435, avg=0.618
2024-03-07 05:21:06 | Iter | [ 12/500] loss=0.656/0.312, mPA=0.729, miou=0.418, avg=0.573
2024-03-07 05:27:46 | Iter | [ 13/500] loss=0.631/0.290, mPA=0.748, miou=0.424, avg=0.586
2024-03-07 05:34:22 | Iter | [ 14/500] loss=0.695/0.300, mPA=0.783, miou=0.418, avg=0.600
2024-03-07 05:41:01 | Iter | [ 15/500] loss=0.588/0.265, mPA=0.762, miou=0.464, avg=0.613
2024-03-07 05:47:41 | Iter | [ 16/500] loss=0.569/0.325, mPA=0.806, miou=0.386, avg=0.596
2024-03-07 05:54:15 | Iter | [ 17/500] loss=0.561/0.240, mPA=0.778, miou=0.438, avg=0.608
2024-03-07 06:00:38 | Iter | [ 18/500] loss=0.578/0.255, mPA=0.787, miou=0.423, avg=0.605
2024-03-07 06:07:12 | Iter | [ 19/500] loss=0.542/0.252, mPA=0.803, miou=0.417, avg=0.610
2024-03-07 06:13:47 | Iter | [ 20/500] loss=0.527/0.255, mPA=0.719, miou=0.405, avg=0.562
2024-03-07 06:20:22 | Iter | [ 21/500] loss=0.532/0.206, mPA=0.766, miou=0.464, avg=0.615
2024-03-07 06:26:58 | Iter | [ 22/500] loss=0.489/0.205, mPA=0.803, miou=0.461, avg=0.632
2024-03-07 06:27:02 | Save Iter = [ 22],  mPA=0.803, miou=0.461, avg=0.632
2024-03-07 06:33:35 | Iter | [ 23/500] loss=0.472/0.188, mPA=0.765, miou=0.477, avg=0.621
2024-03-07 06:40:10 | Iter | [ 24/500] loss=0.440/0.196, mPA=0.777, miou=0.449, avg=0.613
2024-03-07 06:46:45 | Iter | [ 25/500] loss=0.480/0.210, mPA=0.759, miou=0.446, avg=0.603
2024-03-07 06:53:24 | Iter | [ 26/500] loss=0.520/0.189, mPA=0.744, miou=0.474, avg=0.609
2024-03-07 07:00:00 | Iter | [ 27/500] loss=0.430/0.180, mPA=0.752, miou=0.460, avg=0.606
2024-03-07 07:06:37 | Iter | [ 28/500] loss=0.405/0.208, mPA=0.729, miou=0.452, avg=0.590
2024-03-07 07:13:14 | Iter | [ 29/500] loss=0.416/0.166, mPA=0.722, miou=0.459, avg=0.590
2024-03-07 07:19:53 | Iter | [ 30/500] loss=0.425/0.218, mPA=0.750, miou=0.448, avg=0.599
2024-03-07 07:26:31 | Iter | [ 31/500] loss=0.403/0.162, mPA=0.740, miou=0.475, avg=0.608
2024-03-07 07:33:10 | Iter | [ 32/500] loss=0.384/0.172, mPA=0.718, miou=0.456, avg=0.587
2024-03-07 07:39:52 | Iter | [ 33/500] loss=0.387/0.147, mPA=0.694, miou=0.486, avg=0.590
2024-03-07 07:46:33 | Iter | [ 34/500] loss=0.367/0.151, mPA=0.703, miou=0.478, avg=0.590
2024-03-07 07:53:14 | Iter | [ 35/500] loss=0.376/0.406, mPA=0.737, miou=0.418, avg=0.578
2024-03-07 07:59:54 | Iter | [ 36/500] loss=0.377/0.142, mPA=0.726, miou=0.473, avg=0.600
2024-03-07 08:06:30 | Iter | [ 37/500] loss=0.343/0.157, mPA=0.723, miou=0.488, avg=0.606
2024-03-07 08:13:07 | Iter | [ 38/500] loss=0.340/0.140, mPA=0.757, miou=0.471, avg=0.614
2024-03-07 08:19:46 | Iter | [ 39/500] loss=0.333/0.151, mPA=0.780, miou=0.462, avg=0.621
2024-03-07 08:26:18 | Iter | [ 40/500] loss=0.346/0.135, mPA=0.736, miou=0.481, avg=0.608
2024-03-07 08:32:53 | Iter | [ 41/500] loss=0.319/0.133, mPA=0.718, miou=0.489, avg=0.603
2024-03-07 08:39:28 | Iter | [ 42/500] loss=0.341/0.149, mPA=0.734, miou=0.457, avg=0.596
2024-03-07 08:46:01 | Iter | [ 43/500] loss=0.327/0.139, mPA=0.776, miou=0.491, avg=0.634
2024-03-07 08:46:05 | Save Iter = [ 43],  mPA=0.776, miou=0.491, avg=0.634
2024-03-07 08:52:52 | Iter | [ 44/500] loss=0.314/0.130, mPA=0.742, miou=0.498, avg=0.620
2024-03-07 08:59:22 | Iter | [ 45/500] loss=0.299/0.124, mPA=0.758, miou=0.489, avg=0.623
2024-03-07 09:06:00 | Iter | [ 46/500] loss=0.293/0.128, mPA=0.750, miou=0.501, avg=0.626
2024-03-07 09:12:41 | Iter | [ 47/500] loss=0.293/0.123, mPA=0.761, miou=0.496, avg=0.629
2024-03-07 09:19:16 | Iter | [ 48/500] loss=0.308/0.132, mPA=0.739, miou=0.490, avg=0.614
2024-03-07 09:25:50 | Iter | [ 49/500] loss=0.298/0.138, mPA=0.722, miou=0.483, avg=0.602
2024-03-07 09:32:21 | Iter | [ 50/500] loss=0.282/0.118, mPA=0.730, miou=0.501, avg=0.616
2024-03-07 09:39:00 | Iter | [ 51/500] loss=0.291/0.122, mPA=0.691, miou=0.479, avg=0.585
2024-03-07 09:45:36 | Iter | [ 52/500] loss=0.264/0.119, mPA=0.740, miou=0.498, avg=0.619
2024-03-07 09:52:10 | Iter | [ 53/500] loss=0.274/0.124, mPA=0.737, miou=0.481, avg=0.609
2024-03-07 09:58:48 | Iter | [ 54/500] loss=0.263/0.111, mPA=0.741, miou=0.506, avg=0.624
2024-03-07 10:05:25 | Iter | [ 55/500] loss=0.270/0.118, mPA=0.711, miou=0.501, avg=0.606
2024-03-07 10:12:06 | Iter | [ 56/500] loss=0.276/0.119, mPA=0.750, miou=0.478, avg=0.614
2024-03-07 10:18:44 | Iter | [ 57/500] loss=0.263/0.114, mPA=0.712, miou=0.486, avg=0.599
2024-03-07 10:25:17 | Iter | [ 58/500] loss=0.233/0.113, mPA=0.719, miou=0.493, avg=0.606
2024-03-07 10:31:55 | Iter | [ 59/500] loss=0.259/0.112, mPA=0.715, miou=0.495, avg=0.605
2024-03-07 10:38:38 | Iter | [ 60/500] loss=0.243/0.125, mPA=0.754, miou=0.478, avg=0.616
2024-03-07 10:45:18 | Iter | [ 61/500] loss=0.251/0.112, mPA=0.698, miou=0.496, avg=0.597
2024-03-07 10:51:58 | Iter | [ 62/500] loss=0.243/0.110, mPA=0.714, miou=0.496, avg=0.605
2024-03-07 10:58:40 | Iter | [ 63/500] loss=0.235/0.118, mPA=0.721, miou=0.488, avg=0.604
2024-03-07 11:05:24 | Iter | [ 64/500] loss=0.225/0.122, mPA=0.729, miou=0.494, avg=0.612
2024-03-07 11:12:09 | Iter | [ 65/500] loss=0.230/0.123, mPA=0.720, miou=0.495, avg=0.607
2024-03-07 11:18:56 | Iter | [ 66/500] loss=0.253/0.112, mPA=0.735, miou=0.505, avg=0.620
2024-03-07 11:25:47 | Iter | [ 67/500] loss=0.227/0.113, mPA=0.762, miou=0.501, avg=0.632
2024-03-07 11:32:37 | Iter | [ 68/500] loss=0.215/0.102, mPA=0.754, miou=0.516, avg=0.635
2024-03-07 11:32:41 | Save Iter = [ 68],  mPA=0.754, miou=0.516, avg=0.635
2024-03-07 11:39:28 | Iter | [ 69/500] loss=0.220/0.133, mPA=0.797, miou=0.478, avg=0.637
2024-03-07 11:39:32 | Save Iter = [ 69],  mPA=0.797, miou=0.478, avg=0.637
2024-03-07 11:46:16 | Iter | [ 70/500] loss=0.235/0.106, mPA=0.703, miou=0.496, avg=0.599
2024-03-07 11:53:00 | Iter | [ 71/500] loss=0.212/0.102, mPA=0.711, miou=0.509, avg=0.610
2024-03-07 11:59:49 | Iter | [ 72/500] loss=0.212/0.101, mPA=0.711, miou=0.506, avg=0.608
2024-03-07 12:06:30 | Iter | [ 73/500] loss=0.201/0.102, mPA=0.715, miou=0.509, avg=0.612
2024-03-07 12:13:12 | Iter | [ 74/500] loss=0.228/0.102, mPA=0.691, miou=0.505, avg=0.598
2024-03-07 12:20:03 | Iter | [ 75/500] loss=0.199/0.096, mPA=0.698, miou=0.516, avg=0.607
2024-03-07 12:27:05 | Iter | [ 76/500] loss=0.213/0.106, mPA=0.760, miou=0.511, avg=0.636
2024-03-07 12:34:14 | Iter | [ 77/500] loss=0.193/0.107, mPA=0.743, miou=0.509, avg=0.626
2024-03-07 12:41:20 | Iter | [ 78/500] loss=0.196/0.097, mPA=0.744, miou=0.516, avg=0.630
2024-03-07 12:48:39 | Iter | [ 79/500] loss=0.188/0.107, mPA=0.773, miou=0.486, avg=0.630
2024-03-07 12:55:57 | Iter | [ 80/500] loss=0.195/0.109, mPA=0.739, miou=0.491, avg=0.615
2024-03-07 13:02:58 | Iter | [ 81/500] loss=0.211/0.107, mPA=0.742, miou=0.494, avg=0.618
2024-03-07 13:09:42 | Iter | [ 82/500] loss=0.195/0.098, mPA=0.722, miou=0.512, avg=0.617
2024-03-07 13:16:26 | Iter | [ 83/500] loss=0.203/0.106, mPA=0.735, miou=0.501, avg=0.618
2024-03-07 13:23:09 | Iter | [ 84/500] loss=0.187/0.098, mPA=0.755, miou=0.515, avg=0.635
2024-03-07 13:29:59 | Iter | [ 85/500] loss=0.186/0.101, mPA=0.724, miou=0.516, avg=0.620
2024-03-07 13:36:47 | Iter | [ 86/500] loss=0.182/0.098, mPA=0.702, miou=0.518, avg=0.610
2024-03-07 13:43:35 | Iter | [ 87/500] loss=0.181/0.099, mPA=0.725, miou=0.518, avg=0.621
2024-03-07 13:50:21 | Iter | [ 88/500] loss=0.177/0.105, mPA=0.649, miou=0.481, avg=0.565
2024-03-07 13:57:06 | Iter | [ 89/500] loss=0.177/0.098, mPA=0.716, miou=0.515, avg=0.615
2024-03-07 14:03:49 | Iter | [ 90/500] loss=0.176/0.105, mPA=0.714, miou=0.510, avg=0.612
2024-03-07 14:10:33 | Iter | [ 91/500] loss=0.176/0.102, mPA=0.698, miou=0.506, avg=0.602
2024-03-07 14:17:27 | Iter | [ 92/500] loss=0.168/0.095, mPA=0.702, miou=0.508, avg=0.605
2024-03-07 14:24:13 | Iter | [ 93/500] loss=0.174/0.108, mPA=0.741, miou=0.503, avg=0.622
2024-03-07 14:31:00 | Iter | [ 94/500] loss=0.174/0.103, mPA=0.742, miou=0.514, avg=0.628
2024-03-07 14:37:49 | Iter | [ 95/500] loss=0.164/0.095, mPA=0.727, miou=0.522, avg=0.625
2024-03-07 14:44:42 | Iter | [ 96/500] loss=0.180/0.100, mPA=0.755, miou=0.515, avg=0.635
2024-03-07 14:51:30 | Iter | [ 97/500] loss=0.197/0.126, mPA=0.729, miou=0.477, avg=0.603
2024-03-07 14:58:15 | Iter | [ 98/500] loss=0.180/0.101, mPA=0.705, miou=0.510, avg=0.607
2024-03-07 15:05:05 | Iter | [ 99/500] loss=0.161/0.096, mPA=0.719, miou=0.510, avg=0.615
2024-03-07 15:11:52 | Iter | [100/500] loss=0.164/0.095, mPA=0.683, miou=0.504, avg=0.594
2024-03-07 15:18:41 | Iter | [101/500] loss=0.163/0.097, mPA=0.700, miou=0.503, avg=0.601
2024-03-07 15:25:34 | Iter | [102/500] loss=0.159/0.098, mPA=0.733, miou=0.505, avg=0.619
2024-03-07 15:32:20 | Iter | [103/500] loss=0.159/0.101, mPA=0.749, miou=0.509, avg=0.629
2024-03-07 15:39:03 | Iter | [104/500] loss=0.153/0.096, mPA=0.685, miou=0.500, avg=0.592
2024-03-07 15:45:54 | Iter | [105/500] loss=0.154/0.099, mPA=0.711, miou=0.497, avg=0.604
2024-03-07 15:52:46 | Iter | [106/500] loss=0.159/0.094, mPA=0.699, miou=0.511, avg=0.605
2024-03-07 15:59:34 | Iter | [107/500] loss=0.186/0.104, mPA=0.737, miou=0.501, avg=0.619
2024-03-07 16:06:23 | Iter | [108/500] loss=0.153/0.113, mPA=0.739, miou=0.492, avg=0.616
2024-03-07 16:13:13 | Iter | [109/500] loss=0.162/0.097, mPA=0.720, miou=0.505, avg=0.612
2024-03-07 16:20:05 | Iter | [110/500] loss=0.147/0.095, mPA=0.718, miou=0.510, avg=0.614
2024-03-07 16:26:55 | Iter | [111/500] loss=0.146/0.100, mPA=0.685, miou=0.496, avg=0.591
2024-03-07 16:33:42 | Iter | [112/500] loss=0.159/0.098, mPA=0.728, miou=0.497, avg=0.612
2024-03-07 16:40:33 | Iter | [113/500] loss=0.155/0.102, mPA=0.731, miou=0.511, avg=0.621
2024-03-07 16:47:20 | Iter | [114/500] loss=0.149/0.095, mPA=0.724, miou=0.512, avg=0.618
2024-03-07 16:54:08 | Iter | [115/500] loss=0.140/0.096, mPA=0.721, miou=0.518, avg=0.620
2024-03-07 17:00:57 | Iter | [116/500] loss=0.148/0.097, mPA=0.705, miou=0.521, avg=0.613
2024-03-07 17:07:48 | Iter | [117/500] loss=0.173/0.103, mPA=0.743, miou=0.488, avg=0.616
2024-03-07 17:14:34 | Iter | [118/500] loss=0.149/0.101, mPA=0.767, miou=0.496, avg=0.631
2024-03-07 17:21:20 | Iter | [119/500] loss=0.153/0.094, mPA=0.698, miou=0.510, avg=0.604
2024-03-07 17:28:08 | Iter | [120/500] loss=0.137/0.096, mPA=0.728, miou=0.512, avg=0.620
2024-03-07 17:34:56 | Iter | [121/500] loss=0.136/0.092, mPA=0.710, miou=0.527, avg=0.618
2024-03-07 17:41:42 | Iter | [122/500] loss=0.142/0.092, mPA=0.713, miou=0.517, avg=0.615
2024-03-07 17:48:29 | Iter | [123/500] loss=0.144/0.107, mPA=0.699, miou=0.493, avg=0.596
2024-03-07 17:55:18 | Iter | [124/500] loss=0.137/0.098, mPA=0.706, miou=0.508, avg=0.607
2024-03-07 18:02:04 | Iter | [125/500] loss=0.142/0.101, mPA=0.729, miou=0.498, avg=0.614
2024-03-07 18:08:52 | Iter | [126/500] loss=0.151/0.096, mPA=0.734, miou=0.515, avg=0.625
2024-03-07 18:15:39 | Iter | [127/500] loss=0.140/0.095, mPA=0.681, miou=0.509, avg=0.595
2024-03-07 18:22:27 | Iter | [128/500] loss=0.138/0.093, mPA=0.718, miou=0.522, avg=0.620
2024-03-07 18:29:14 | Iter | [129/500] loss=0.133/0.103, mPA=0.690, miou=0.504, avg=0.597
2024-03-07 18:36:00 | Iter | [130/500] loss=0.132/0.096, mPA=0.710, miou=0.513, avg=0.611
2024-03-07 18:42:49 | Iter | [131/500] loss=0.131/0.100, mPA=0.712, miou=0.502, avg=0.607
2024-03-07 18:49:36 | Iter | [132/500] loss=0.143/0.096, mPA=0.713, miou=0.524, avg=0.619
2024-03-07 18:56:23 | Iter | [133/500] loss=0.131/0.097, mPA=0.711, miou=0.522, avg=0.617
2024-03-07 19:03:07 | Iter | [134/500] loss=0.130/0.096, mPA=0.711, miou=0.522, avg=0.617
2024-03-07 19:09:46 | Iter | [135/500] loss=0.126/0.097, mPA=0.702, miou=0.521, avg=0.611
2024-03-07 19:16:24 | Iter | [136/500] loss=0.127/0.094, mPA=0.700, miou=0.522, avg=0.611
2024-03-07 19:23:01 | Iter | [137/500] loss=0.131/0.094, mPA=0.670, miou=0.517, avg=0.594
2024-03-07 19:29:38 | Iter | [138/500] loss=0.124/0.103, mPA=0.699, miou=0.513, avg=0.606
2024-03-07 19:36:00 | Iter | [139/500] loss=0.126/0.101, mPA=0.706, miou=0.512, avg=0.609
2024-03-07 19:42:17 | Iter | [140/500] loss=0.130/0.099, mPA=0.689, miou=0.521, avg=0.605
2024-03-07 19:48:33 | Iter | [141/500] loss=0.125/0.104, mPA=0.690, miou=0.515, avg=0.602
2024-03-07 19:54:49 | Iter | [142/500] loss=0.127/0.094, mPA=0.708, miou=0.525, avg=0.617
2024-03-07 20:01:10 | Iter | [143/500] loss=0.123/0.094, mPA=0.693, miou=0.519, avg=0.606
2024-03-07 20:07:27 | Iter | [144/500] loss=0.121/0.093, mPA=0.683, miou=0.517, avg=0.600
2024-03-07 20:13:46 | Iter | [145/500] loss=0.121/0.088, mPA=0.679, miou=0.533, avg=0.606
2024-03-07 20:20:02 | Iter | [146/500] loss=0.121/0.095, mPA=0.741, miou=0.528, avg=0.634
2024-03-07 20:26:18 | Iter | [147/500] loss=0.120/0.092, mPA=0.694, miou=0.528, avg=0.611
2024-03-07 20:32:36 | Iter | [148/500] loss=0.124/0.096, mPA=0.730, miou=0.524, avg=0.627
2024-03-07 20:38:52 | Iter | [149/500] loss=0.118/0.090, mPA=0.690, miou=0.535, avg=0.612
2024-03-07 20:45:10 | Iter | [150/500] loss=0.118/0.096, mPA=0.718, miou=0.526, avg=0.622
2024-03-07 20:51:26 | Iter | [151/500] loss=0.118/0.091, mPA=0.708, miou=0.533, avg=0.620
2024-03-07 20:57:46 | Iter | [152/500] loss=0.118/0.092, mPA=0.719, miou=0.529, avg=0.624
2024-03-07 21:04:04 | Iter | [153/500] loss=0.115/0.094, mPA=0.699, miou=0.528, avg=0.613
2024-03-07 21:10:23 | Iter | [154/500] loss=0.114/0.100, mPA=0.701, miou=0.523, avg=0.612
2024-03-07 21:16:41 | Iter | [155/500] loss=0.119/0.098, mPA=0.703, miou=0.523, avg=0.613
2024-03-07 21:22:57 | Iter | [156/500] loss=0.118/0.096, mPA=0.697, miou=0.520, avg=0.608
2024-03-07 21:29:15 | Iter | [157/500] loss=0.118/0.097, mPA=0.686, miou=0.515, avg=0.600
2024-03-07 21:35:35 | Iter | [158/500] loss=0.124/0.096, mPA=0.697, miou=0.524, avg=0.611
2024-03-07 21:41:52 | Iter | [159/500] loss=0.127/0.096, mPA=0.720, miou=0.509, avg=0.614
2024-03-07 21:48:10 | Iter | [160/500] loss=0.120/0.097, mPA=0.680, miou=0.516, avg=0.598
2024-03-07 21:54:28 | Iter | [161/500] loss=0.117/0.094, mPA=0.693, miou=0.525, avg=0.609
2024-03-07 22:00:45 | Iter | [162/500] loss=0.125/0.104, mPA=0.693, miou=0.503, avg=0.598
2024-03-07 22:07:03 | Iter | [163/500] loss=0.125/0.095, mPA=0.681, miou=0.518, avg=0.600
2024-03-07 22:13:21 | Iter | [164/500] loss=0.121/0.100, mPA=0.697, miou=0.511, avg=0.604
2024-03-07 22:19:38 | Iter | [165/500] loss=0.116/0.102, mPA=0.696, miou=0.509, avg=0.602
2024-03-07 22:25:59 | Iter | [166/500] loss=0.114/0.098, mPA=0.703, miou=0.517, avg=0.610
2024-03-07 22:32:16 | Iter | [167/500] loss=0.112/0.101, mPA=0.705, miou=0.499, avg=0.602
2024-03-07 22:38:32 | Iter | [168/500] loss=0.111/0.092, mPA=0.671, miou=0.528, avg=0.600
2024-03-07 22:44:50 | Iter | [169/500] loss=0.108/0.096, mPA=0.707, miou=0.521, avg=0.614
2024-03-07 22:51:08 | Iter | [170/500] loss=0.111/0.097, mPA=0.699, miou=0.520, avg=0.609
2024-03-07 22:57:26 | Iter | [171/500] loss=0.113/0.097, mPA=0.700, miou=0.513, avg=0.607
2024-03-07 23:03:47 | Iter | [172/500] loss=0.112/0.094, mPA=0.691, miou=0.516, avg=0.603
2024-03-07 23:10:05 | Iter | [173/500] loss=0.119/0.103, mPA=0.708, miou=0.509, avg=0.608
2024-03-07 23:16:26 | Iter | [174/500] loss=0.117/0.097, mPA=0.705, miou=0.520, avg=0.613
2024-03-07 23:22:45 | Iter | [175/500] loss=0.108/0.095, mPA=0.686, miou=0.527, avg=0.606
2024-03-07 23:29:03 | Iter | [176/500] loss=0.113/0.098, mPA=0.681, miou=0.524, avg=0.602
2024-03-07 23:35:21 | Iter | [177/500] loss=0.113/0.098, mPA=0.682, miou=0.514, avg=0.598
2024-03-07 23:41:40 | Iter | [178/500] loss=0.108/0.096, mPA=0.687, miou=0.524, avg=0.606
2024-03-07 23:48:01 | Iter | [179/500] loss=0.108/0.097, mPA=0.678, miou=0.520, avg=0.599
2024-03-07 23:54:21 | Iter | [180/500] loss=0.111/0.098, mPA=0.673, miou=0.515, avg=0.594
2024-03-08 00:00:41 | Iter | [181/500] loss=0.104/0.093, mPA=0.683, miou=0.526, avg=0.605
2024-03-08 00:07:00 | Iter | [182/500] loss=0.114/0.099, mPA=0.673, miou=0.521, avg=0.597
2024-03-08 00:13:17 | Iter | [183/500] loss=0.110/0.097, mPA=0.690, miou=0.519, avg=0.604
2024-03-08 00:19:37 | Iter | [184/500] loss=0.105/0.094, mPA=0.690, miou=0.522, avg=0.606
2024-03-08 00:25:57 | Iter | [185/500] loss=0.109/0.099, mPA=0.693, miou=0.513, avg=0.603
2024-03-08 00:32:15 | Iter | [186/500] loss=0.103/0.101, mPA=0.685, miou=0.517, avg=0.601
2024-03-08 00:38:30 | Iter | [187/500] loss=0.104/0.094, mPA=0.677, miou=0.529, avg=0.603
2024-03-08 00:44:47 | Iter | [188/500] loss=0.106/0.091, mPA=0.687, miou=0.527, avg=0.607
2024-03-08 00:51:04 | Iter | [189/500] loss=0.102/0.098, mPA=0.705, miou=0.521, avg=0.613
2024-03-08 00:57:24 | Iter | [190/500] loss=0.104/0.093, mPA=0.690, miou=0.529, avg=0.609
2024-03-08 01:03:46 | Iter | [191/500] loss=0.104/0.095, mPA=0.680, miou=0.527, avg=0.603
2024-03-08 01:10:10 | Iter | [192/500] loss=0.103/0.094, mPA=0.691, miou=0.526, avg=0.608
2024-03-08 01:16:38 | Iter | [193/500] loss=0.102/0.098, mPA=0.689, miou=0.524, avg=0.606
2024-03-08 01:23:00 | Iter | [194/500] loss=0.099/0.097, mPA=0.690, miou=0.530, avg=0.610
2024-03-08 01:29:20 | Iter | [195/500] loss=0.102/0.097, mPA=0.700, miou=0.522, avg=0.611
2024-03-08 01:35:41 | Iter | [196/500] loss=0.101/0.094, mPA=0.679, miou=0.527, avg=0.603
2024-03-08 01:42:02 | Iter | [197/500] loss=0.102/0.097, mPA=0.697, miou=0.522, avg=0.610
2024-03-08 01:48:25 | Iter | [198/500] loss=0.099/0.090, mPA=0.677, miou=0.531, avg=0.604
2024-03-08 01:54:52 | Iter | [199/500] loss=0.098/0.095, mPA=0.673, miou=0.517, avg=0.595
2024-03-08 02:01:18 | Iter | [200/500] loss=0.101/0.099, mPA=0.690, miou=0.518, avg=0.604
2024-03-08 02:07:45 | Iter | [201/500] loss=0.099/0.096, mPA=0.686, miou=0.524, avg=0.605
2024-03-08 02:14:14 | Iter | [202/500] loss=0.098/0.094, mPA=0.688, miou=0.524, avg=0.606
2024-03-08 02:20:46 | Iter | [203/500] loss=0.098/0.098, mPA=0.669, miou=0.516, avg=0.593
2024-03-08 02:27:17 | Iter | [204/500] loss=0.097/0.093, mPA=0.689, miou=0.527, avg=0.608
2024-03-08 02:33:40 | Iter | [205/500] loss=0.096/0.095, mPA=0.690, miou=0.523, avg=0.606
2024-03-08 02:40:00 | Iter | [206/500] loss=0.098/0.094, mPA=0.724, miou=0.527, avg=0.626
2024-03-08 02:46:26 | Iter | [207/500] loss=0.103/0.093, mPA=0.699, miou=0.523, avg=0.611
2024-03-08 02:52:55 | Iter | [208/500] loss=0.095/0.093, mPA=0.684, miou=0.530, avg=0.607
2024-03-08 02:59:32 | Iter | [209/500] loss=0.095/0.091, mPA=0.699, miou=0.534, avg=0.616
2024-03-08 03:06:03 | Iter | [210/500] loss=0.095/0.092, mPA=0.701, miou=0.531, avg=0.616
2024-03-08 03:12:30 | Iter | [211/500] loss=0.094/0.097, mPA=0.716, miou=0.527, avg=0.621
2024-03-08 03:18:57 | Iter | [212/500] loss=0.096/0.095, mPA=0.696, miou=0.533, avg=0.614
2024-03-08 03:25:22 | Iter | [213/500] loss=0.093/0.094, mPA=0.692, miou=0.534, avg=0.613
2024-03-08 03:31:48 | Iter | [214/500] loss=0.094/0.091, mPA=0.691, miou=0.535, avg=0.613
2024-03-08 03:38:16 | Iter | [215/500] loss=0.092/0.094, mPA=0.699, miou=0.533, avg=0.616
2024-03-08 03:44:42 | Iter | [216/500] loss=0.094/0.097, mPA=0.700, miou=0.532, avg=0.616
2024-03-08 03:51:07 | Iter | [217/500] loss=0.095/0.096, mPA=0.689, miou=0.531, avg=0.610
2024-03-08 03:57:32 | Iter | [218/500] loss=0.094/0.097, mPA=0.676, miou=0.534, avg=0.605
2024-03-08 04:03:56 | Iter | [219/500] loss=0.093/0.097, mPA=0.692, miou=0.532, avg=0.612
2024-03-08 04:10:20 | Iter | [220/500] loss=0.092/0.100, mPA=0.684, miou=0.532, avg=0.608
2024-03-08 04:16:53 | Iter | [221/500] loss=0.093/0.097, mPA=0.687, miou=0.532, avg=0.610
2024-03-08 04:23:26 | Iter | [222/500] loss=0.092/0.097, mPA=0.693, miou=0.533, avg=0.613
2024-03-08 04:29:54 | Iter | [223/500] loss=0.092/0.095, mPA=0.679, miou=0.534, avg=0.607
2024-03-08 04:36:24 | Iter | [224/500] loss=0.091/0.102, mPA=0.708, miou=0.528, avg=0.618
2024-03-08 04:43:04 | Iter | [225/500] loss=0.094/0.092, mPA=0.685, miou=0.536, avg=0.610
2024-03-08 04:49:31 | Iter | [226/500] loss=0.092/0.099, mPA=0.702, miou=0.527, avg=0.615
2024-03-08 04:55:55 | Iter | [227/500] loss=0.091/0.093, mPA=0.678, miou=0.537, avg=0.607
2024-03-08 05:02:18 | Iter | [228/500] loss=0.089/0.094, mPA=0.689, miou=0.532, avg=0.610
2024-03-08 05:08:47 | Iter | [229/500] loss=0.090/0.096, mPA=0.688, miou=0.533, avg=0.610
2024-03-08 05:15:26 | Iter | [230/500] loss=0.091/0.096, mPA=0.679, miou=0.532, avg=0.606
2024-03-08 05:22:06 | Iter | [231/500] loss=0.089/0.094, mPA=0.688, miou=0.537, avg=0.613
2024-03-08 05:28:43 | Iter | [232/500] loss=0.105/0.098, mPA=0.705, miou=0.528, avg=0.617
2024-03-08 05:35:18 | Iter | [233/500] loss=0.087/0.097, mPA=0.677, miou=0.535, avg=0.606
2024-03-08 05:41:56 | Iter | [234/500] loss=0.090/0.100, mPA=0.674, miou=0.523, avg=0.598
2024-03-08 05:48:29 | Iter | [235/500] loss=0.089/0.099, mPA=0.683, miou=0.533, avg=0.608
2024-03-08 05:54:54 | Iter | [236/500] loss=0.087/0.096, mPA=0.678, miou=0.536, avg=0.607
2024-03-08 06:01:23 | Iter | [237/500] loss=0.090/0.097, mPA=0.690, miou=0.535, avg=0.612
2024-03-08 06:08:04 | Iter | [238/500] loss=0.087/0.099, mPA=0.689, miou=0.533, avg=0.611
2024-03-08 06:14:40 | Iter | [239/500] loss=0.089/0.098, mPA=0.674, miou=0.533, avg=0.603
2024-03-08 06:21:12 | Iter | [240/500] loss=0.103/0.094, mPA=0.697, miou=0.537, avg=0.617
2024-03-08 06:27:32 | Iter | [241/500] loss=0.094/0.092, mPA=0.701, miou=0.546, avg=0.624
2024-03-08 06:33:55 | Iter | [242/500] loss=0.088/0.092, mPA=0.710, miou=0.551, avg=0.630
2024-03-08 06:40:23 | Iter | [243/500] loss=0.092/0.093, mPA=0.713, miou=0.540, avg=0.626
2024-03-08 06:46:58 | Iter | [244/500] loss=0.088/0.094, mPA=0.708, miou=0.543, avg=0.626
2024-03-08 06:53:28 | Iter | [245/500] loss=0.100/0.094, mPA=0.696, miou=0.546, avg=0.621
2024-03-08 07:00:01 | Iter | [246/500] loss=0.086/0.097, mPA=0.696, miou=0.544, avg=0.620
2024-03-08 07:06:27 | Iter | [247/500] loss=0.086/0.096, mPA=0.692, miou=0.543, avg=0.617
2024-03-08 07:12:58 | Iter | [248/500] loss=0.086/0.097, mPA=0.695, miou=0.544, avg=0.619
2024-03-08 07:19:25 | Iter | [249/500] loss=0.085/0.096, mPA=0.701, miou=0.541, avg=0.621
2024-03-08 07:25:58 | Iter | [250/500] loss=0.085/0.096, mPA=0.682, miou=0.542, avg=0.612
2024-03-08 07:32:37 | Iter | [251/500] loss=0.086/0.095, mPA=0.683, miou=0.540, avg=0.612
2024-03-08 07:39:08 | Iter | [252/500] loss=0.084/0.097, mPA=0.695, miou=0.536, avg=0.616
2024-03-08 07:45:38 | Iter | [253/500] loss=0.083/0.098, mPA=0.674, miou=0.536, avg=0.605
2024-03-08 07:52:06 | Iter | [254/500] loss=0.086/0.095, mPA=0.679, miou=0.539, avg=0.609
2024-03-08 07:58:31 | Iter | [255/500] loss=0.085/0.097, mPA=0.683, miou=0.540, avg=0.612
2024-03-08 08:05:00 | Iter | [256/500] loss=0.084/0.095, mPA=0.679, miou=0.545, avg=0.612
2024-03-08 08:11:29 | Iter | [257/500] loss=0.084/0.096, mPA=0.683, miou=0.544, avg=0.613
2024-03-08 08:18:00 | Iter | [258/500] loss=0.083/0.096, mPA=0.689, miou=0.540, avg=0.615
2024-03-08 08:24:30 | Iter | [259/500] loss=0.083/0.094, mPA=0.685, miou=0.542, avg=0.614
2024-03-08 08:31:09 | Iter | [260/500] loss=0.083/0.097, mPA=0.673, miou=0.543, avg=0.608
2024-03-08 08:37:39 | Iter | [261/500] loss=0.083/0.095, mPA=0.689, miou=0.547, avg=0.618
2024-03-08 08:44:12 | Iter | [262/500] loss=0.087/0.096, mPA=0.696, miou=0.534, avg=0.615
2024-03-08 08:50:43 | Iter | [263/500] loss=0.083/0.096, mPA=0.689, miou=0.543, avg=0.616
2024-03-08 08:57:14 | Iter | [264/500] loss=0.083/0.097, mPA=0.693, miou=0.538, avg=0.615
2024-03-08 09:03:46 | Iter | [265/500] loss=0.081/0.096, mPA=0.688, miou=0.543, avg=0.615
2024-03-08 09:10:21 | Iter | [266/500] loss=0.083/0.098, mPA=0.687, miou=0.539, avg=0.613
2024-03-08 09:16:55 | Iter | [267/500] loss=0.082/0.098, mPA=0.688, miou=0.540, avg=0.614
2024-03-08 09:23:28 | Iter | [268/500] loss=0.082/0.098, mPA=0.694, miou=0.542, avg=0.618
2024-03-08 09:29:54 | Iter | [269/500] loss=0.080/0.096, mPA=0.690, miou=0.543, avg=0.616
2024-03-08 09:36:28 | Iter | [270/500] loss=0.082/0.098, mPA=0.685, miou=0.543, avg=0.614
2024-03-08 09:42:58 | Iter | [271/500] loss=0.081/0.095, mPA=0.697, miou=0.540, avg=0.619
2024-03-08 09:49:28 | Iter | [272/500] loss=0.080/0.095, mPA=0.679, miou=0.540, avg=0.610
2024-03-08 09:55:59 | Iter | [273/500] loss=0.082/0.093, mPA=0.684, miou=0.542, avg=0.613
2024-03-08 10:02:30 | Iter | [274/500] loss=0.081/0.094, mPA=0.689, miou=0.543, avg=0.616
2024-03-08 10:08:58 | Iter | [275/500] loss=0.079/0.094, mPA=0.688, miou=0.546, avg=0.617
2024-03-08 10:15:25 | Iter | [276/500] loss=0.080/0.096, mPA=0.682, miou=0.542, avg=0.612
2024-03-08 10:21:53 | Iter | [277/500] loss=0.080/0.095, mPA=0.676, miou=0.544, avg=0.610
2024-03-08 10:28:17 | Iter | [278/500] loss=0.079/0.095, mPA=0.691, miou=0.544, avg=0.617
2024-03-08 10:34:44 | Iter | [279/500] loss=0.080/0.095, mPA=0.691, miou=0.547, avg=0.619
2024-03-08 10:41:12 | Iter | [280/500] loss=0.079/0.095, mPA=0.690, miou=0.546, avg=0.618
2024-03-08 10:47:41 | Iter | [281/500] loss=0.089/0.095, mPA=0.685, miou=0.547, avg=0.616
2024-03-08 10:54:05 | Iter | [282/500] loss=0.078/0.093, mPA=0.686, miou=0.543, avg=0.615
2024-03-08 11:00:32 | Iter | [283/500] loss=0.080/0.094, mPA=0.694, miou=0.547, avg=0.620
2024-03-08 11:07:01 | Iter | [284/500] loss=0.082/0.094, mPA=0.687, miou=0.543, avg=0.615
2024-03-08 11:13:28 | Iter | [285/500] loss=0.079/0.096, mPA=0.688, miou=0.544, avg=0.616
2024-03-08 11:19:51 | Iter | [286/500] loss=0.079/0.095, mPA=0.686, miou=0.549, avg=0.618
2024-03-08 11:26:17 | Iter | [287/500] loss=0.077/0.097, mPA=0.690, miou=0.546, avg=0.618
